<?xml version="1.0" encoding="UTF-8" ?>
<testsuite failures="0" time="0.015" errors="0" skipped="0" tests="1" name="eu.etaxonomy.cdm.AppTest">
  <properties>
    <property name="java.runtime.name" value="Java(TM) SE Runtime Environment"/>
    <property name="sun.boot.library.path" value="/System/Library/Java/JavaVirtualMachines/1.6.0.jdk/Contents/Libraries"/>
    <property name="java.vm.version" value="20.6-b01-415"/>
    <property name="awt.nativeDoubleBuffering" value="true"/>
    <property name="gopherProxySet" value="false"/>
    <property name="mrj.build" value="11M3646"/>
    <property name="java.vm.vendor" value="Apple Inc."/>
    <property name="java.vendor.url" value="http://www.apple.com/"/>
    <property name="path.separator" value=":"/>
    <property name="java.vm.name" value="Java HotSpot(TM) 64-Bit Server VM"/>
    <property name="file.encoding.pkg" value="sun.io"/>
    <property name="user.country" value="US"/>
    <property name="sun.java.launcher" value="SUN_STANDARD"/>
    <property name="sun.os.patch.level" value="unknown"/>
    <property name="java.vm.specification.name" value="Java Virtual Machine Specification"/>
    <property name="user.dir" value="/Users/alextheys/Projects/CDM_Trunk/Palm_Use_Data_Extension/CDMLib-apps/cdmlib-apps/UseImport"/>
    <property name="java.runtime.version" value="1.6.0_31-b04-415-11M3646"/>
    <property name="java.awt.graphicsenv" value="apple.awt.CGraphicsEnvironment"/>
    <property name="basedir" value="/Users/alextheys/Projects/CDM_Trunk/Palm_Use_Data_Extension/CDMLib-apps/cdmlib-apps/UseImport"/>
    <property name="java.endorsed.dirs" value="/System/Library/Java/JavaVirtualMachines/1.6.0.jdk/Contents/Home/lib/endorsed"/>
    <property name="os.arch" value="x86_64"/>
    <property name="surefire.real.class.path" value="/Users/alextheys/Projects/CDM_Trunk/Palm_Use_Data_Extension/CDMLib-apps/cdmlib-apps/UseImport/target/surefire/surefirebooter8326676507822340719.jar"/>
    <property name="java.io.tmpdir" value="/var/folders/sf/m05yv9sd119cc32qwgrrdw1r0000gn/T/"/>
    <property name="line.separator" value="
"/>
    <property name="java.vm.specification.vendor" value="Sun Microsystems Inc."/>
    <property name="os.name" value="Mac OS X"/>
    <property name="sun.jnu.encoding" value="MacRoman"/>
    <property name="java.library.path" value=".:/Library/Java/Extensions:/System/Library/Java/Extensions:/usr/lib/java"/>
    <property name="surefire.test.class.path" value="/Users/alextheys/Projects/CDM_Trunk/Palm_Use_Data_Extension/CDMLib-apps/cdmlib-apps/UseImport/target/test-classes:/Users/alextheys/Projects/CDM_Trunk/Palm_Use_Data_Extension/CDMLib-apps/cdmlib-apps/UseImport/target/classes:/Users/alextheys/.m2/repository/eu/etaxonomy/cdmlib-io/3.0.10-SNAPSHOT/cdmlib-io-3.0.10-SNAPSHOT.jar:/Users/alextheys/.m2/repository/org/springframework/org.springframework.oxm/3.0.4.RELEASE/org.springframework.oxm-3.0.4.RELEASE.jar:/Users/alextheys/.m2/repository/org/springframework/org.springframework.context/3.0.4.RELEASE/org.springframework.context-3.0.4.RELEASE.jar:/Users/alextheys/.m2/repository/org/springframework/org.springframework.expression/3.0.4.RELEASE/org.springframework.expression-3.0.4.RELEASE.jar:/Users/alextheys/.m2/repository/org/springframework/org.springframework.core/3.0.4.RELEASE/org.springframework.core-3.0.4.RELEASE.jar:/Users/alextheys/.m2/repository/com/yourkit/yjp-controller-api-redist/8.0.1/yjp-controller-api-redist-8.0.1.jar:/Users/alextheys/.m2/repository/org/springframework/ws/spring-xml/1.5.6/spring-xml-1.5.6.jar:/Users/alextheys/.m2/repository/commons-logging/commons-logging/1.1.1/commons-logging-1.1.1.jar:/Users/alextheys/.m2/repository/eu/etaxonomy/cdmlib-ext/3.0.10-SNAPSHOT/cdmlib-ext-3.0.10-SNAPSHOT.jar:/Users/alextheys/.m2/repository/org/apache/httpcomponents/httpclient/4.0.3/httpclient-4.0.3.jar:/Users/alextheys/.m2/repository/org/apache/httpcomponents/httpcore/4.0.1/httpcore-4.0.1.jar:/Users/alextheys/.m2/repository/commons-codec/commons-codec/1.3/commons-codec-1.3.jar:/Users/alextheys/.m2/repository/eu/etaxonomy/cdmlib-persistence/3.0.10-SNAPSHOT/cdmlib-persistence-3.0.10-SNAPSHOT.jar:/Users/alextheys/.m2/repository/eu/etaxonomy/cdmlib-commons/3.0.10-SNAPSHOT/cdmlib-commons-3.0.10-SNAPSHOT.jar:/Users/alextheys/.m2/repository/org/apache/sanselan/sanselan/0.97-incubator/sanselan-0.97-incubator.jar:/Users/alextheys/.m2/repository/org/slf4j/slf4j-log4j12/1.5.6/slf4j-log4j12-1.5.6.jar:/Users/alextheys/.m2/repository/org/slf4j/slf4j-api/1.5.6/slf4j-api-1.5.6.jar:/Users/alextheys/.m2/repository/javax/persistence/persistence-api/1.0/persistence-api-1.0.jar:/Users/alextheys/.m2/repository/javassist/javassist/3.4.GA/javassist-3.4.GA.jar:/Users/alextheys/.m2/repository/javax/annotation/jsr250-api/1.0/jsr250-api-1.0.jar:/Users/alextheys/.m2/repository/org/aspectj/aspectjweaver/1.6.3/aspectjweaver-1.6.3.jar:/Users/alextheys/.m2/repository/org/hibernate/hibernate-commons-annotations/3.4.0-SNAPSHOT/hibernate-commons-annotations-3.4.0-SNAPSHOT.jar:/Users/alextheys/.m2/repository/org/hibernate/hibernate-annotations/3.4.0-SNAPSHOT/hibernate-annotations-3.4.0-SNAPSHOT.jar:/Users/alextheys/.m2/repository/org/hibernate/hibernate-core/3.4.0-SNAPSHOT/hibernate-core-3.4.0-SNAPSHOT.jar:/Users/alextheys/.m2/repository/antlr/antlr/2.7.6/antlr-2.7.6.jar:/Users/alextheys/.m2/repository/commons-collections/commons-collections/3.2/commons-collections-3.2.jar:/Users/alextheys/.m2/repository/dom4j/dom4j/1.6.1/dom4j-1.6.1.jar:/Users/alextheys/.m2/repository/javax/transaction/jta/1.1/jta-1.1.jar:/Users/alextheys/.m2/repository/org/hibernate/hibernate-envers/3.4.0-SNAPSHOT/hibernate-envers-3.4.0-SNAPSHOT.jar:/Users/alextheys/.m2/repository/org/hibernate/hibernate-entitymanager/3.4.0-SNAPSHOT/hibernate-entitymanager-3.4.0-SNAPSHOT.jar:/Users/alextheys/.m2/repository/org/hibernate/hibernate-tools/3.2.0.ga/hibernate-tools-3.2.0.ga.jar:/Users/alextheys/.m2/repository/org/beanshell/bsh/2.0b4/bsh-2.0b4.jar:/Users/alextheys/.m2/repository/freemarker/freemarker/2.3.8/freemarker-2.3.8.jar:/Users/alextheys/.m2/repository/org/hibernate/jtidy/r8-20060801/jtidy-r8-20060801.jar:/Users/alextheys/.m2/repository/org/hibernate/hibernate-search/3.1.0.GA/hibernate-search-3.1.0.GA.jar:/Users/alextheys/.m2/repository/org/hibernate/ejb3-persistence/1.0.2.GA/ejb3-persistence-1.0.2.GA.jar:/Users/alextheys/.m2/repository/org/hibernate/hibernate-c3p0/3.4.0-SNAPSHOT/hibernate-c3p0-3.4.0-SNAPSHOT.jar:/Users/alextheys/.m2/repository/c3p0/c3p0/0.9.1/c3p0-0.9.1.jar:/Users/alextheys/.m2/repository/org/apache/lucene/lucene-core/2.4.0/lucene-core-2.4.0.jar:/Users/alextheys/.m2/repository/org/apache/lucene/lucene-spellchecker/2.4.0/lucene-spellchecker-2.4.0.jar:/Users/alextheys/.m2/repository/commons-beanutils/commons-beanutils/1.7.0/commons-beanutils-1.7.0.jar:/Users/alextheys/.m2/repository/commons-lang/commons-lang/2.2/commons-lang-2.2.jar:/Users/alextheys/.m2/repository/commons-dbcp/commons-dbcp/1.2.2/commons-dbcp-1.2.2.jar:/Users/alextheys/.m2/repository/commons-pool/commons-pool/1.3/commons-pool-1.3.jar:/Users/alextheys/.m2/repository/org/springmodules/spring-modules-lucene/0.8a/spring-modules-lucene-0.8a.jar:/Users/alextheys/.m2/repository/aopalliance/aopalliance/1.0/aopalliance-1.0.jar:/Users/alextheys/.m2/repository/cglib/cglib-nodep/2.1_3/cglib-nodep-2.1_3.jar:/Users/alextheys/.m2/repository/concurrent/concurrent/1.3.4/concurrent-1.3.4.jar:/Users/alextheys/.m2/repository/jexcelapi/jxl/2.4.2/jxl-2.4.2.jar:/Users/alextheys/.m2/repository/org/unitils/unitils-core/3.3/unitils-core-3.3.jar:/Users/alextheys/.m2/repository/ognl/ognl/2.6.9/ognl-2.6.9.jar:/Users/alextheys/.m2/repository/org/springframework/org.springframework.beans/3.0.4.RELEASE/org.springframework.beans-3.0.4.RELEASE.jar:/Users/alextheys/.m2/repository/org/springframework/org.springframework.asm/3.0.4.RELEASE/org.springframework.asm-3.0.4.RELEASE.jar:/Users/alextheys/.m2/repository/org/springframework/org.springframework.orm/3.0.4.RELEASE/org.springframework.orm-3.0.4.RELEASE.jar:/Users/alextheys/.m2/repository/org/springframework/org.springframework.transaction/3.0.4.RELEASE/org.springframework.transaction-3.0.4.RELEASE.jar:/Users/alextheys/.m2/repository/org/springframework/org.springframework.jdbc/3.0.4.RELEASE/org.springframework.jdbc-3.0.4.RELEASE.jar:/Users/alextheys/.m2/repository/org/springframework/org.springframework.test/3.0.4.RELEASE/org.springframework.test-3.0.4.RELEASE.jar:/Users/alextheys/.m2/repository/org/springframework/org.springframework.aop/3.0.4.RELEASE/org.springframework.aop-3.0.4.RELEASE.jar:/Users/alextheys/.m2/repository/org/aopalliance/com.springsource.org.aopalliance/1.0.0/com.springsource.org.aopalliance-1.0.0.jar:/Users/alextheys/.m2/repository/org/springframework/org.springframework.aspects/3.0.4.RELEASE/org.springframework.aspects-3.0.4.RELEASE.jar:/Users/alextheys/.m2/repository/org/springframework/security/spring-security-core/3.0.5.RELEASE/spring-security-core-3.0.5.RELEASE.jar:/Users/alextheys/.m2/repository/org/springframework/spring-tx/3.0.3.RELEASE/spring-tx-3.0.3.RELEASE.jar:/Users/alextheys/.m2/repository/mysql/mysql-connector-java/5.0.5/mysql-connector-java-5.0.5.jar:/Users/alextheys/.m2/repository/postgresql/postgresql/8.2-504.jdbc4/postgresql-8.2-504.jdbc4.jar:/Users/alextheys/.m2/repository/hsqldb/hsqldb/1.8.0.10/hsqldb-1.8.0.10.jar:/Users/alextheys/.m2/repository/net/sourceforge/jtds/jtds/1.2.2/jtds-1.2.2.jar:/Users/alextheys/.m2/repository/com/microsoft/sqlserver/jdbc4/2.0/jdbc4-2.0.jar:/Users/alextheys/.m2/repository/com/h2database/h2/1.1.115/h2-1.1.115.jar:/Users/alextheys/.m2/repository/p6spy/p6spy/1.3/p6spy-1.3.jar:/Users/alextheys/.m2/repository/eu/etaxonomy/cdmlib-model/3.0.10-SNAPSHOT/cdmlib-model-3.0.10-SNAPSHOT.jar:/Users/alextheys/.m2/repository/javax/xml/bind/jaxb-api/2.1.6/jaxb-api-2.1.6.jar:/Users/alextheys/.m2/repository/xml-resolver/xml-resolver/1.2/xml-resolver-1.2.jar:/Users/alextheys/.m2/repository/javax/activation/activation/1.1/activation-1.1.jar:/Users/alextheys/.m2/repository/javax/xml/bind/jsr173_api/1.0/jsr173_api-1.0.jar:/Users/alextheys/.m2/repository/com/sun/xml/bind/jaxb-impl/2.1.6/jaxb-impl-2.1.6.jar:/Users/alextheys/.m2/repository/com/sun/xml/bind/jaxb1-impl/2.1.6/jaxb1-impl-2.1.6.jar:/Users/alextheys/.m2/repository/com/sun/xml/bind/jaxb-xjc/2.1.6/jaxb-xjc-2.1.6.jar:/Users/alextheys/.m2/repository/org/aspectj/aspectjrt/1.6.3/aspectjrt-1.6.3.jar:/Users/alextheys/.m2/repository/net/sf/opencsv/opencsv/1.8/opencsv-1.8.jar:/Users/alextheys/.m2/repository/joda-time/joda-time/1.5/joda-time-1.5.jar:/Users/alextheys/.m2/repository/joda-time/joda-time-hibernate/1.0/joda-time-hibernate-1.0.jar:/Users/alextheys/.m2/repository/commons-logging/commons-logging-api/1.0.4/commons-logging-api-1.0.4.jar:/Users/alextheys/.m2/repository/com/ibm/lsid/lsid-client/1.1.2/lsid-client-1.1.2.jar:/Users/alextheys/.m2/repository/wsdl4j/wsdl4j/1.6.1/wsdl4j-1.6.1.jar:/Users/alextheys/.m2/repository/jdom/jdom/1.0/jdom-1.0.jar:/Users/alextheys/.m2/repository/javax/validation/validation-api/1.0.CR5/validation-api-1.0.CR5.jar:/Users/alextheys/.m2/repository/org/hibernate/hibernate-validator/4.0.0.CR1/hibernate-validator-4.0.0.CR1.jar:/Users/alextheys/.m2/repository/eu/etaxonomy/cdmlib-services/3.0.10-SNAPSHOT/cdmlib-services-3.0.10-SNAPSHOT.jar:/Users/alextheys/.m2/repository/org/apache/felix/org.osgi.core/1.0.0/org.osgi.core-1.0.0.jar:/Users/alextheys/.m2/repository/xerces/xercesImpl/2.7.1/xercesImpl-2.7.1.jar:/Users/alextheys/.m2/repository/jaxen/jaxen/1.1/jaxen-1.1.jar:/Users/alextheys/.m2/repository/xml-apis/xml-apis/1.0.b2/xml-apis-1.0.b2.jar:/Users/alextheys/.m2/repository/xom/xom/1.0/xom-1.0.jar:/Users/alextheys/.m2/repository/xerces/xmlParserAPIs/2.6.2/xmlParserAPIs-2.6.2.jar:/Users/alextheys/.m2/repository/xalan/xalan/2.6.0/xalan-2.6.0.jar:/Users/alextheys/.m2/repository/com/ibm/icu/icu4j/2.6.1/icu4j-2.6.1.jar:/Users/alextheys/.m2/repository/org/eclipse/osgi/3.6.0/osgi-3.6.0.jar:/Users/alextheys/.m2/repository/org/springframework/security/spring-security-config/3.0.5.RELEASE/spring-security-config-3.0.5.RELEASE.jar:/Users/alextheys/.m2/repository/com/ibm/lsid/lsid-server/1.1.2/lsid-server-1.1.2.jar:/Users/alextheys/.m2/repository/org/apache/poi/poi/3.7/poi-3.7.jar:/Users/alextheys/.m2/repository/junit/junit/3.8.1/junit-3.8.1.jar:/Users/alextheys/.m2/repository/log4j/log4j/1.2.15/log4j-1.2.15.jar:/Users/alextheys/.m2/repository/javax/mail/mail/1.4/mail-1.4.jar:/Users/alextheys/.m2/repository/javax/jms/jms/1.1/jms-1.1.jar:/Users/alextheys/.m2/repository/com/sun/jdmk/jmxtools/1.2.1/jmxtools-1.2.1.jar:/Users/alextheys/.m2/repository/com/sun/jmx/jmxri/1.2.1/jmxri-1.2.1.jar:"/>
    <property name="java.specification.name" value="Java Platform API Specification"/>
    <property name="java.class.version" value="50.0"/>
    <property name="sun.management.compiler" value="HotSpot 64-Bit Tiered Compilers"/>
    <property name="os.version" value="10.7.3"/>
    <property name="http.nonProxyHosts" value="local|*.local|169.254/16|*.169.254/16"/>
    <property name="user.home" value="/Users/alextheys"/>
    <property name="user.timezone" value=""/>
    <property name="java.awt.printerjob" value="apple.awt.CPrinterJob"/>
    <property name="java.specification.version" value="1.6"/>
    <property name="file.encoding" value="MacRoman"/>
    <property name="user.name" value="alextheys"/>
    <property name="java.class.path" value="/Users/alextheys/Projects/CDM_Trunk/Palm_Use_Data_Extension/CDMLib-apps/cdmlib-apps/UseImport/target/test-classes:/Users/alextheys/Projects/CDM_Trunk/Palm_Use_Data_Extension/CDMLib-apps/cdmlib-apps/UseImport/target/classes:/Users/alextheys/.m2/repository/eu/etaxonomy/cdmlib-io/3.0.10-SNAPSHOT/cdmlib-io-3.0.10-SNAPSHOT.jar:/Users/alextheys/.m2/repository/org/springframework/org.springframework.oxm/3.0.4.RELEASE/org.springframework.oxm-3.0.4.RELEASE.jar:/Users/alextheys/.m2/repository/org/springframework/org.springframework.context/3.0.4.RELEASE/org.springframework.context-3.0.4.RELEASE.jar:/Users/alextheys/.m2/repository/org/springframework/org.springframework.expression/3.0.4.RELEASE/org.springframework.expression-3.0.4.RELEASE.jar:/Users/alextheys/.m2/repository/org/springframework/org.springframework.core/3.0.4.RELEASE/org.springframework.core-3.0.4.RELEASE.jar:/Users/alextheys/.m2/repository/com/yourkit/yjp-controller-api-redist/8.0.1/yjp-controller-api-redist-8.0.1.jar:/Users/alextheys/.m2/repository/org/springframework/ws/spring-xml/1.5.6/spring-xml-1.5.6.jar:/Users/alextheys/.m2/repository/commons-logging/commons-logging/1.1.1/commons-logging-1.1.1.jar:/Users/alextheys/.m2/repository/eu/etaxonomy/cdmlib-ext/3.0.10-SNAPSHOT/cdmlib-ext-3.0.10-SNAPSHOT.jar:/Users/alextheys/.m2/repository/org/apache/httpcomponents/httpclient/4.0.3/httpclient-4.0.3.jar:/Users/alextheys/.m2/repository/org/apache/httpcomponents/httpcore/4.0.1/httpcore-4.0.1.jar:/Users/alextheys/.m2/repository/commons-codec/commons-codec/1.3/commons-codec-1.3.jar:/Users/alextheys/.m2/repository/eu/etaxonomy/cdmlib-persistence/3.0.10-SNAPSHOT/cdmlib-persistence-3.0.10-SNAPSHOT.jar:/Users/alextheys/.m2/repository/eu/etaxonomy/cdmlib-commons/3.0.10-SNAPSHOT/cdmlib-commons-3.0.10-SNAPSHOT.jar:/Users/alextheys/.m2/repository/org/apache/sanselan/sanselan/0.97-incubator/sanselan-0.97-incubator.jar:/Users/alextheys/.m2/repository/org/slf4j/slf4j-log4j12/1.5.6/slf4j-log4j12-1.5.6.jar:/Users/alextheys/.m2/repository/org/slf4j/slf4j-api/1.5.6/slf4j-api-1.5.6.jar:/Users/alextheys/.m2/repository/javax/persistence/persistence-api/1.0/persistence-api-1.0.jar:/Users/alextheys/.m2/repository/javassist/javassist/3.4.GA/javassist-3.4.GA.jar:/Users/alextheys/.m2/repository/javax/annotation/jsr250-api/1.0/jsr250-api-1.0.jar:/Users/alextheys/.m2/repository/org/aspectj/aspectjweaver/1.6.3/aspectjweaver-1.6.3.jar:/Users/alextheys/.m2/repository/org/hibernate/hibernate-commons-annotations/3.4.0-SNAPSHOT/hibernate-commons-annotations-3.4.0-SNAPSHOT.jar:/Users/alextheys/.m2/repository/org/hibernate/hibernate-annotations/3.4.0-SNAPSHOT/hibernate-annotations-3.4.0-SNAPSHOT.jar:/Users/alextheys/.m2/repository/org/hibernate/hibernate-core/3.4.0-SNAPSHOT/hibernate-core-3.4.0-SNAPSHOT.jar:/Users/alextheys/.m2/repository/antlr/antlr/2.7.6/antlr-2.7.6.jar:/Users/alextheys/.m2/repository/commons-collections/commons-collections/3.2/commons-collections-3.2.jar:/Users/alextheys/.m2/repository/dom4j/dom4j/1.6.1/dom4j-1.6.1.jar:/Users/alextheys/.m2/repository/javax/transaction/jta/1.1/jta-1.1.jar:/Users/alextheys/.m2/repository/org/hibernate/hibernate-envers/3.4.0-SNAPSHOT/hibernate-envers-3.4.0-SNAPSHOT.jar:/Users/alextheys/.m2/repository/org/hibernate/hibernate-entitymanager/3.4.0-SNAPSHOT/hibernate-entitymanager-3.4.0-SNAPSHOT.jar:/Users/alextheys/.m2/repository/org/hibernate/hibernate-tools/3.2.0.ga/hibernate-tools-3.2.0.ga.jar:/Users/alextheys/.m2/repository/org/beanshell/bsh/2.0b4/bsh-2.0b4.jar:/Users/alextheys/.m2/repository/freemarker/freemarker/2.3.8/freemarker-2.3.8.jar:/Users/alextheys/.m2/repository/org/hibernate/jtidy/r8-20060801/jtidy-r8-20060801.jar:/Users/alextheys/.m2/repository/org/hibernate/hibernate-search/3.1.0.GA/hibernate-search-3.1.0.GA.jar:/Users/alextheys/.m2/repository/org/hibernate/ejb3-persistence/1.0.2.GA/ejb3-persistence-1.0.2.GA.jar:/Users/alextheys/.m2/repository/org/hibernate/hibernate-c3p0/3.4.0-SNAPSHOT/hibernate-c3p0-3.4.0-SNAPSHOT.jar:/Users/alextheys/.m2/repository/c3p0/c3p0/0.9.1/c3p0-0.9.1.jar:/Users/alextheys/.m2/repository/org/apache/lucene/lucene-core/2.4.0/lucene-core-2.4.0.jar:/Users/alextheys/.m2/repository/org/apache/lucene/lucene-spellchecker/2.4.0/lucene-spellchecker-2.4.0.jar:/Users/alextheys/.m2/repository/commons-beanutils/commons-beanutils/1.7.0/commons-beanutils-1.7.0.jar:/Users/alextheys/.m2/repository/commons-lang/commons-lang/2.2/commons-lang-2.2.jar:/Users/alextheys/.m2/repository/commons-dbcp/commons-dbcp/1.2.2/commons-dbcp-1.2.2.jar:/Users/alextheys/.m2/repository/commons-pool/commons-pool/1.3/commons-pool-1.3.jar:/Users/alextheys/.m2/repository/org/springmodules/spring-modules-lucene/0.8a/spring-modules-lucene-0.8a.jar:/Users/alextheys/.m2/repository/aopalliance/aopalliance/1.0/aopalliance-1.0.jar:/Users/alextheys/.m2/repository/cglib/cglib-nodep/2.1_3/cglib-nodep-2.1_3.jar:/Users/alextheys/.m2/repository/concurrent/concurrent/1.3.4/concurrent-1.3.4.jar:/Users/alextheys/.m2/repository/jexcelapi/jxl/2.4.2/jxl-2.4.2.jar:/Users/alextheys/.m2/repository/org/unitils/unitils-core/3.3/unitils-core-3.3.jar:/Users/alextheys/.m2/repository/ognl/ognl/2.6.9/ognl-2.6.9.jar:/Users/alextheys/.m2/repository/org/springframework/org.springframework.beans/3.0.4.RELEASE/org.springframework.beans-3.0.4.RELEASE.jar:/Users/alextheys/.m2/repository/org/springframework/org.springframework.asm/3.0.4.RELEASE/org.springframework.asm-3.0.4.RELEASE.jar:/Users/alextheys/.m2/repository/org/springframework/org.springframework.orm/3.0.4.RELEASE/org.springframework.orm-3.0.4.RELEASE.jar:/Users/alextheys/.m2/repository/org/springframework/org.springframework.transaction/3.0.4.RELEASE/org.springframework.transaction-3.0.4.RELEASE.jar:/Users/alextheys/.m2/repository/org/springframework/org.springframework.jdbc/3.0.4.RELEASE/org.springframework.jdbc-3.0.4.RELEASE.jar:/Users/alextheys/.m2/repository/org/springframework/org.springframework.test/3.0.4.RELEASE/org.springframework.test-3.0.4.RELEASE.jar:/Users/alextheys/.m2/repository/org/springframework/org.springframework.aop/3.0.4.RELEASE/org.springframework.aop-3.0.4.RELEASE.jar:/Users/alextheys/.m2/repository/org/aopalliance/com.springsource.org.aopalliance/1.0.0/com.springsource.org.aopalliance-1.0.0.jar:/Users/alextheys/.m2/repository/org/springframework/org.springframework.aspects/3.0.4.RELEASE/org.springframework.aspects-3.0.4.RELEASE.jar:/Users/alextheys/.m2/repository/org/springframework/security/spring-security-core/3.0.5.RELEASE/spring-security-core-3.0.5.RELEASE.jar:/Users/alextheys/.m2/repository/org/springframework/spring-tx/3.0.3.RELEASE/spring-tx-3.0.3.RELEASE.jar:/Users/alextheys/.m2/repository/mysql/mysql-connector-java/5.0.5/mysql-connector-java-5.0.5.jar:/Users/alextheys/.m2/repository/postgresql/postgresql/8.2-504.jdbc4/postgresql-8.2-504.jdbc4.jar:/Users/alextheys/.m2/repository/hsqldb/hsqldb/1.8.0.10/hsqldb-1.8.0.10.jar:/Users/alextheys/.m2/repository/net/sourceforge/jtds/jtds/1.2.2/jtds-1.2.2.jar:/Users/alextheys/.m2/repository/com/microsoft/sqlserver/jdbc4/2.0/jdbc4-2.0.jar:/Users/alextheys/.m2/repository/com/h2database/h2/1.1.115/h2-1.1.115.jar:/Users/alextheys/.m2/repository/p6spy/p6spy/1.3/p6spy-1.3.jar:/Users/alextheys/.m2/repository/eu/etaxonomy/cdmlib-model/3.0.10-SNAPSHOT/cdmlib-model-3.0.10-SNAPSHOT.jar:/Users/alextheys/.m2/repository/javax/xml/bind/jaxb-api/2.1.6/jaxb-api-2.1.6.jar:/Users/alextheys/.m2/repository/xml-resolver/xml-resolver/1.2/xml-resolver-1.2.jar:/Users/alextheys/.m2/repository/javax/activation/activation/1.1/activation-1.1.jar:/Users/alextheys/.m2/repository/javax/xml/bind/jsr173_api/1.0/jsr173_api-1.0.jar:/Users/alextheys/.m2/repository/com/sun/xml/bind/jaxb-impl/2.1.6/jaxb-impl-2.1.6.jar:/Users/alextheys/.m2/repository/com/sun/xml/bind/jaxb1-impl/2.1.6/jaxb1-impl-2.1.6.jar:/Users/alextheys/.m2/repository/com/sun/xml/bind/jaxb-xjc/2.1.6/jaxb-xjc-2.1.6.jar:/Users/alextheys/.m2/repository/org/aspectj/aspectjrt/1.6.3/aspectjrt-1.6.3.jar:/Users/alextheys/.m2/repository/net/sf/opencsv/opencsv/1.8/opencsv-1.8.jar:/Users/alextheys/.m2/repository/joda-time/joda-time/1.5/joda-time-1.5.jar:/Users/alextheys/.m2/repository/joda-time/joda-time-hibernate/1.0/joda-time-hibernate-1.0.jar:/Users/alextheys/.m2/repository/commons-logging/commons-logging-api/1.0.4/commons-logging-api-1.0.4.jar:/Users/alextheys/.m2/repository/com/ibm/lsid/lsid-client/1.1.2/lsid-client-1.1.2.jar:/Users/alextheys/.m2/repository/wsdl4j/wsdl4j/1.6.1/wsdl4j-1.6.1.jar:/Users/alextheys/.m2/repository/jdom/jdom/1.0/jdom-1.0.jar:/Users/alextheys/.m2/repository/javax/validation/validation-api/1.0.CR5/validation-api-1.0.CR5.jar:/Users/alextheys/.m2/repository/org/hibernate/hibernate-validator/4.0.0.CR1/hibernate-validator-4.0.0.CR1.jar:/Users/alextheys/.m2/repository/eu/etaxonomy/cdmlib-services/3.0.10-SNAPSHOT/cdmlib-services-3.0.10-SNAPSHOT.jar:/Users/alextheys/.m2/repository/org/apache/felix/org.osgi.core/1.0.0/org.osgi.core-1.0.0.jar:/Users/alextheys/.m2/repository/xerces/xercesImpl/2.7.1/xercesImpl-2.7.1.jar:/Users/alextheys/.m2/repository/jaxen/jaxen/1.1/jaxen-1.1.jar:/Users/alextheys/.m2/repository/xml-apis/xml-apis/1.0.b2/xml-apis-1.0.b2.jar:/Users/alextheys/.m2/repository/xom/xom/1.0/xom-1.0.jar:/Users/alextheys/.m2/repository/xerces/xmlParserAPIs/2.6.2/xmlParserAPIs-2.6.2.jar:/Users/alextheys/.m2/repository/xalan/xalan/2.6.0/xalan-2.6.0.jar:/Users/alextheys/.m2/repository/com/ibm/icu/icu4j/2.6.1/icu4j-2.6.1.jar:/Users/alextheys/.m2/repository/org/eclipse/osgi/3.6.0/osgi-3.6.0.jar:/Users/alextheys/.m2/repository/org/springframework/security/spring-security-config/3.0.5.RELEASE/spring-security-config-3.0.5.RELEASE.jar:/Users/alextheys/.m2/repository/com/ibm/lsid/lsid-server/1.1.2/lsid-server-1.1.2.jar:/Users/alextheys/.m2/repository/org/apache/poi/poi/3.7/poi-3.7.jar:/Users/alextheys/.m2/repository/junit/junit/3.8.1/junit-3.8.1.jar:/Users/alextheys/.m2/repository/log4j/log4j/1.2.15/log4j-1.2.15.jar:/Users/alextheys/.m2/repository/javax/mail/mail/1.4/mail-1.4.jar:/Users/alextheys/.m2/repository/javax/jms/jms/1.1/jms-1.1.jar:/Users/alextheys/.m2/repository/com/sun/jdmk/jmxtools/1.2.1/jmxtools-1.2.1.jar:/Users/alextheys/.m2/repository/com/sun/jmx/jmxri/1.2.1/jmxri-1.2.1.jar:"/>
    <property name="java.vm.specification.version" value="1.0"/>
    <property name="sun.arch.data.model" value="64"/>
    <property name="java.home" value="/System/Library/Java/JavaVirtualMachines/1.6.0.jdk/Contents/Home"/>
    <property name="sun.java.command" value="/Users/alextheys/Projects/CDM_Trunk/Palm_Use_Data_Extension/CDMLib-apps/cdmlib-apps/UseImport/target/surefire/surefirebooter8326676507822340719.jar /Users/alextheys/Projects/CDM_Trunk/Palm_Use_Data_Extension/CDMLib-apps/cdmlib-apps/UseImport/target/surefire/surefire7069368273617944772tmp /Users/alextheys/Projects/CDM_Trunk/Palm_Use_Data_Extension/CDMLib-apps/cdmlib-apps/UseImport/target/surefire/surefire5203486736704483848tmp"/>
    <property name="java.specification.vendor" value="Sun Microsystems Inc."/>
    <property name="user.language" value="en"/>
    <property name="awt.toolkit" value="apple.awt.CToolkit"/>
    <property name="java.vm.info" value="mixed mode"/>
    <property name="java.version" value="1.6.0_31"/>
    <property name="java.ext.dirs" value="/Library/Java/Extensions:/System/Library/Java/Extensions:/System/Library/Java/JavaVirtualMachines/1.6.0.jdk/Contents/Home/lib/ext"/>
    <property name="sun.boot.class.path" value="/System/Library/Java/JavaVirtualMachines/1.6.0.jdk/Contents/Classes/jsfd.jar:/System/Library/Java/JavaVirtualMachines/1.6.0.jdk/Contents/Classes/classes.jar:/System/Library/Frameworks/JavaVM.framework/Frameworks/JavaRuntimeSupport.framework/Resources/Java/JavaRuntimeSupport.jar:/System/Library/Java/JavaVirtualMachines/1.6.0.jdk/Contents/Classes/ui.jar:/System/Library/Java/JavaVirtualMachines/1.6.0.jdk/Contents/Classes/laf.jar:/System/Library/Java/JavaVirtualMachines/1.6.0.jdk/Contents/Classes/sunrsasign.jar:/System/Library/Java/JavaVirtualMachines/1.6.0.jdk/Contents/Classes/jsse.jar:/System/Library/Java/JavaVirtualMachines/1.6.0.jdk/Contents/Classes/jce.jar:/System/Library/Java/JavaVirtualMachines/1.6.0.jdk/Contents/Classes/charsets.jar"/>
    <property name="java.vendor" value="Apple Inc."/>
    <property name="localRepository" value="/Users/alextheys/.m2/repository"/>
    <property name="file.separator" value="/"/>
    <property name="java.vendor.url.bug" value="http://bugreport.apple.com/"/>
    <property name="sun.cpu.endian" value="little"/>
    <property name="sun.io.unicode.encoding" value="UnicodeLittle"/>
    <property name="mrj.version" value="1070.1.6.0_31-415"/>
    <property name="socksNonProxyHosts" value="local|*.local|169.254/16|*.169.254/16"/>
    <property name="ftp.nonProxyHosts" value="local|*.local|169.254/16|*.169.254/16"/>
    <property name="sun.cpu.isalist" value=""/>
  </properties>
  <testcase time="0.002" classname="eu.etaxonomy.cdm.AppTest" name="testApp"/>
</testsuite>